2023-03-24 17:08:37.614 - info: .........................
2023-03-24 17:08:37.616 - info: ... A new story begin ...
2023-03-24 17:08:37.651 - info: .........................
2023-03-24 17:08:37.651 - info: Retrieved settings: serverName=Server [Sleeping], serverPort=25565, loginMessage=...Waking server up, come back in a minute..., serverOnlineMode=true, webPort=0, webDir=plugins/dynmap/web, startMinecraft=1, minecraftCommand=java -Xms1G -Xmx1G -jar paper.jar nogui, version=1.19.3
2023-03-24 17:08:37.805 - info: Waiting for a Prince to come. [25565] Or someone to type quit.
2023-03-24 17:08:37.807 - info: Ready for battle
2023-03-24 17:08:54.381 - info: A Prince has taken a quick peek. [handshaking_1.19.3]
2023-03-24 17:09:00.788 - info: A Prince has taken a quick peek. [handshaking_1.19.3]
2023-03-24 17:10:24.160 - info: A Prince has taken a quick peek. [handshaking_1.19.3]
2023-03-24 17:10:25.969 - info: A Prince has taken a quick peek. [handshaking_1.19.3]
2023-03-24 17:10:28.210 - info: Prince [BunnyGamez2000.play] has come, time to wake up.
2023-03-24 17:10:28.210 - info: Sending best regards ...Waking server up, come back in a minute...
2023-03-24 17:10:28.218 - info: The prince is gone, for now ...Waking server up, come back in a minute...
2023-03-24 17:10:28.218 - info: Cleaning up the place.
2023-03-24 17:10:28.218 - info: ----------- Starting Minecraft : java -Xms1G -Xmx1G -jar paper.jar nogui ----------- 
2023-03-24 17:14:01.014 - info: ----------- Minecraft stopped -----------
2023-03-24 17:14:01.020 - info: ...Time to kill me if you want...
2023-03-24 17:14:06.025 - info: ...Too late !...
2023-03-24 17:14:06.027 - info: Waiting for a Prince to come. [25565] Or someone to type quit.
2023-03-24 17:14:06.028 - info: Ready for battle
2023-03-24 17:14:14.794 - info: SIGINT signal received.
2023-03-24 17:17:49.129 - info: .........................
2023-03-24 17:17:49.129 - info: ... A new story begin ...
2023-03-24 17:17:49.151 - info: .........................
2023-03-24 17:17:49.151 - info: Retrieved settings: serverName=Server [Sleeping], serverPort=25567, loginMessage=...Waking server up, come back in a minute..., serverOnlineMode=true, webPort=0, webDir=plugins/dynmap/web, startMinecraft=1, minecraftCommand=java -Xms1G -Xmx1G -jar paper.jar nogui, version=1.19.3
2023-03-24 17:17:49.229 - info: Waiting for a Prince to come. [25567] Or someone to type quit.
2023-03-24 17:17:49.230 - info: Ready for battle
2023-03-24 17:18:16.486 - info: A Prince has taken a quick peek. [handshaking_1.19.3]
2023-03-24 17:19:01.344 - info: SIGINT signal received.
2023-03-24 17:21:58.830 - info: .........................
2023-03-24 17:21:58.830 - info: ... A new story begin ...
2023-03-24 17:21:58.851 - info: .........................
2023-03-24 17:21:58.851 - info: Retrieved settings: serverName=Server [Sleeping], serverPort=25567, loginMessage=...Waking server up, come back in a minute..., serverOnlineMode=true, webPort=0, webDir=plugins/dynmap/web, startMinecraft=1, minecraftCommand=java -Xms1G -Xmx1G -jar paper.jar nogui, version=1.19.3
2023-03-24 17:21:58.927 - info: Waiting for a Prince to come. [25567] Or someone to type quit.
2023-03-24 17:21:58.928 - info: Ready for battle
2023-03-24 17:22:18.703 - info: A Prince has taken a quick peek. [handshaking_1.19.3]
2023-03-24 17:22:19.770 - info: Prince [BunnyGamez2000.play] has come, time to wake up.
2023-03-24 17:22:19.772 - info: Sending best regards ...Waking server up, come back in a minute...
2023-03-24 17:22:19.785 - info: The prince is gone, for now ...Waking server up, come back in a minute...
2023-03-24 17:22:19.786 - info: Cleaning up the place.
2023-03-24 17:22:19.786 - info: ----------- Starting Minecraft : java -Xms1G -Xmx1G -jar paper.jar nogui ----------- 
2023-03-24 17:23:42.381 - info: ----------- Minecraft stopped -----------
2023-03-24 17:23:42.382 - info: ...Time to kill me if you want...
2023-03-24 17:23:47.384 - info: ...Too late !...
2023-03-24 17:23:47.387 - info: Waiting for a Prince to come. [25567] Or someone to type quit.
2023-03-24 17:23:47.387 - info: Ready for battle
2023-03-24 17:23:48.314 - info: A Prince has taken a quick peek. [handshaking_1.19.3]
2023-03-24 17:23:49.165 - info: Prince [BunnyGamez2000.play] has come, time to wake up.
2023-03-24 17:23:49.166 - info: Sending best regards ...Waking server up, come back in a minute...
2023-03-24 17:23:49.167 - info: The prince is gone, for now ...Waking server up, come back in a minute...
2023-03-24 17:23:49.167 - info: Cleaning up the place.
2023-03-24 17:23:49.167 - info: ----------- Starting Minecraft : java -Xms1G -Xmx1G -jar paper.jar nogui ----------- 
2023-03-24 17:25:05.662 - info: ----------- Minecraft stopped -----------
2023-03-24 17:25:05.665 - info: ...Time to kill me if you want...
2023-03-24 17:25:10.672 - info: ...Too late !...
2023-03-24 17:25:10.700 - info: Waiting for a Prince to come. [25567] Or someone to type quit.
2023-03-24 17:25:10.700 - info: Ready for battle
2023-03-24 17:25:12.835 - info: SIGINT signal received.
2023-03-24 17:25:31.397 - info: .........................
2023-03-24 17:25:31.398 - info: ... A new story begin ...
2023-03-24 17:25:31.420 - info: .........................
2023-03-24 17:25:31.421 - info: Retrieved settings: serverName=Server [Sleeping], serverPort=25567, loginMessage=...Waking server up, come back in a minute..., serverOnlineMode=true, webPort=2200, webDir=plugins/dynmap/web, startMinecraft=1, minecraftCommand=java -Xms1G -Xmx1G -jar paper.jar nogui, version=1.19.3
2023-03-24 17:25:31.424 - info: Starting web server on *:2200 webDir: plugins/dynmap/web
2023-03-24 17:25:31.503 - info: Waiting for a Prince to come. [25567] Or someone to type quit.
2023-03-24 17:25:31.504 - info: Ready for battle
2023-03-24 17:25:36.387 - info: A Prince has taken a quick peek. [handshaking_1.19.3]
2023-03-24 17:25:37.240 - info: Prince [BunnyGamez2000.play] has come, time to wake up.
2023-03-24 17:25:37.240 - info: Sending best regards ...Waking server up, come back in a minute...
2023-03-24 17:25:37.243 - info: The prince is gone, for now ...Waking server up, come back in a minute...
2023-03-24 17:25:37.243 - info: Cleaning up the place.
2023-03-24 17:25:37.244 - info: ----------- Starting Minecraft : java -Xms1G -Xmx1G -jar paper.jar nogui ----------- 
2023-03-24 17:30:35.999 - info: ----------- Minecraft stopped -----------
2023-03-24 17:30:36.003 - info: ...Time to kill me if you want...
2023-03-24 17:30:41.011 - info: ...Too late !...
2023-03-24 17:30:41.014 - info: Starting web server on *:2200 webDir: plugins/dynmap/web
2023-03-24 17:30:41.016 - info: Waiting for a Prince to come. [25567] Or someone to type quit.
2023-03-24 17:30:41.016 - info: Ready for battle
2023-03-24 17:30:41.789 - info: A Prince has taken a quick peek. [handshaking_1.19.3]
2023-03-24 17:30:42.732 - info: Prince [BunnyGamez2000.play] has come, time to wake up.
2023-03-24 17:30:42.732 - info: Sending best regards ...Waking server up, come back in a minute...
2023-03-24 17:30:42.734 - info: The prince is gone, for now ...Waking server up, come back in a minute...
2023-03-24 17:30:42.734 - info: Cleaning up the place.
2023-03-24 17:30:42.734 - info: ----------- Starting Minecraft : java -Xms1G -Xmx1G -jar paper.jar nogui ----------- 
2023-03-24 17:33:10.689 - info: ----------- Minecraft stopped -----------
2023-03-24 17:33:10.694 - info: ...Time to kill me if you want...
2023-03-24 17:33:15.701 - info: ...Too late !...
2023-03-24 17:33:15.706 - info: Starting web server on *:2200 webDir: plugins/dynmap/web
2023-03-24 17:33:15.716 - info: Waiting for a Prince to come. [25567] Or someone to type quit.
2023-03-24 17:33:15.717 - info: Ready for battle
2023-03-24 17:36:38.789 - info: SIGINT signal received.
